# JRE version: Java(TM) SE Runtime Environment (17.0.6+9) (build 17.0.6+9-LTS-190)
# Java VM: Java HotSpot(TM) 64-Bit Server VM (17.0.6+9-LTS-190, mixed mode, sharing, tiered, compressed oops, compressed class ptrs, g1 gc, windows-amd64)
GC Precious Log:
 CPUs: 2 total, 2 available
 Memory: 8010M
 Large Page Support: Disabled
 NUMA Support: Disabled
 Compressed Oops: Enabled (32-bit)
 Heap Region Size: 1M
 Heap Min Capacity: 8M
 Heap Initial Capacity: 126M
 Heap Max Capacity: 2004M
 Pre-touch: Disabled
 Parallel Workers: 2
 Concurrent Workers: 1
 Concurrent Refinement Workers: 2
 Periodic GC: Disabled
Heap:
 garbage-first heap   total 137216K, used 81139K [0x0000000082c00000, 0x0000000100000000)
  region size 1024K, 51 young (52224K), 3 survivors (3072K)
 Metaspace       used 74457K, committed 75008K, reserved 1114112K
  class space    used 10148K, committed 10432K, reserved 1048576K
GC Heap History (20 events):
Event: 12.838 GC heap before
{Heap before GC invocations=14 (full 0):
 garbage-first heap   total 63488K, used 22893K [0x0000000082c00000, 0x0000000100000000)
  region size 1024K, 5 young (5120K), 4 survivors (4096K)
 Metaspace       used 46616K, committed 47040K, reserved 1097728K
  class space    used 6137K, committed 6336K, reserved 1048576K
}
Event: 12.847 GC heap after
{Heap after GC invocations=15 (full 0):
 garbage-first heap   total 63488K, used 22158K [0x0000000082c00000, 0x0000000100000000)
  region size 1024K, 1 young (1024K), 1 survivors (1024K)
 Metaspace       used 46616K, committed 47040K, reserved 1097728K
  class space    used 6137K, committed 6336K, reserved 1048576K
}
Event: 13.817 GC heap before
{Heap before GC invocations=15 (full 0):
 garbage-first heap   total 63488K, used 46734K [0x0000000082c00000, 0x0000000100000000)
  region size 1024K, 26 young (26624K), 1 survivors (1024K)
 Metaspace       used 52998K, committed 53440K, reserved 1097728K
  class space    used 7182K, committed 7424K, reserved 1048576K
}
Event: 13.822 GC heap after
{Heap after GC invocations=16 (full 0):
 garbage-first heap   total 63488K, used 22690K [0x0000000082c00000, 0x0000000100000000)
  region size 1024K, 2 young (2048K), 2 survivors (2048K)
 Metaspace       used 52998K, committed 53440K, reserved 1097728K
  class space    used 7182K, committed 7424K, reserved 1048576K
}
Event: 17.695 GC heap before
{Heap before GC invocations=16 (full 0):
 garbage-first heap   total 63488K, used 47266K [0x0000000082c00000, 0x0000000100000000)
  region size 1024K, 27 young (27648K), 2 survivors (2048K)
 Metaspace       used 58299K, committed 58752K, reserved 1105920K
  class space    used 7878K, committed 8128K, reserved 1048576K
}
Event: 17.703 GC heap after
{Heap after GC invocations=17 (full 0):
 garbage-first heap   total 63488K, used 24345K [0x0000000082c00000, 0x0000000100000000)
  region size 1024K, 3 young (3072K), 3 survivors (3072K)
 Metaspace       used 58299K, committed 58752K, reserved 1105920K
  class space    used 7878K, committed 8128K, reserved 1048576K
}
Event: 18.067 GC heap before
{Heap before GC invocations=17 (full 0):
 garbage-first heap   total 63488K, used 37657K [0x0000000082c00000, 0x0000000100000000)
  region size 1024K, 17 young (17408K), 3 survivors (3072K)
 Metaspace       used 59699K, committed 60096K, reserved 1105920K
  class space    used 8074K, committed 8256K, reserved 1048576K
}
Event: 18.075 GC heap after
{Heap after GC invocations=18 (full 0):
 garbage-first heap   total 63488K, used 24914K [0x0000000082c00000, 0x0000000100000000)
  region size 1024K, 3 young (3072K), 3 survivors (3072K)
 Metaspace       used 59699K, committed 60096K, reserved 1105920K
  class space    used 8074K, committed 8256K, reserved 1048576K
}
Event: 18.666 GC heap before
{Heap before GC invocations=19 (full 0):
 garbage-first heap   total 63488K, used 49490K [0x0000000082c00000, 0x0000000100000000)
  region size 1024K, 27 young (27648K), 3 survivors (3072K)
 Metaspace       used 60167K, committed 60672K, reserved 1105920K
  class space    used 8168K, committed 8384K, reserved 1048576K
}
Event: 18.674 GC heap after
{Heap after GC invocations=20 (full 0):
 garbage-first heap   total 63488K, used 25953K [0x0000000082c00000, 0x0000000100000000)
  region size 1024K, 2 young (2048K), 2 survivors (2048K)
 Metaspace       used 60167K, committed 60672K, reserved 1105920K
  class space    used 8168K, committed 8384K, reserved 1048576K
}
Event: 18.688 GC heap before
{Heap before GC invocations=20 (full 0):
 garbage-first heap   total 63488K, used 26977K [0x0000000082c00000, 0x0000000100000000)
  region size 1024K, 3 young (3072K), 2 survivors (2048K)
 Metaspace       used 60168K, committed 60672K, reserved 1105920K
  class space    used 8169K, committed 8384K, reserved 1048576K
}
Event: 18.695 GC heap after
{Heap after GC invocations=21 (full 0):
 garbage-first heap   total 63488K, used 25845K [0x0000000082c00000, 0x0000000100000000)
  region size 1024K, 1 young (1024K), 1 survivors (1024K)
 Metaspace       used 60168K, committed 60672K, reserved 1105920K
  class space    used 8169K, committed 8384K, reserved 1048576K
}
Event: 19.116 GC heap before
{Heap before GC invocations=21 (full 0):
 garbage-first heap   total 63488K, used 50421K [0x0000000082c00000, 0x0000000100000000)
  region size 1024K, 25 young (25600K), 1 survivors (1024K)
 Metaspace       used 60715K, committed 61248K, reserved 1105920K
  class space    used 8233K, committed 8448K, reserved 1048576K
}
Event: 19.122 GC heap after
{Heap after GC invocations=22 (full 0):
 garbage-first heap   total 137216K, used 26456K [0x0000000082c00000, 0x0000000100000000)
  region size 1024K, 1 young (1024K), 1 survivors (1024K)
 Metaspace       used 60715K, committed 61248K, reserved 1105920K
  class space    used 8233K, committed 8448K, reserved 1048576K
}
Event: 248.562 GC heap before
{Heap before GC invocations=22 (full 0):
 garbage-first heap   total 137216K, used 106328K [0x0000000082c00000, 0x0000000100000000)
  region size 1024K, 80 young (81920K), 1 survivors (1024K)
 Metaspace       used 70937K, committed 71488K, reserved 1114112K
  class space    used 9646K, committed 9856K, reserved 1048576K
}
Event: 248.591 GC heap after
{Heap after GC invocations=23 (full 0):
 garbage-first heap   total 137216K, used 30507K [0x0000000082c00000, 0x0000000100000000)
  region size 1024K, 5 young (5120K), 5 survivors (5120K)
 Metaspace       used 70937K, committed 71488K, reserved 1114112K
  class space    used 9646K, committed 9856K, reserved 1048576K
}
Event: 1094.166 GC heap before
{Heap before GC invocations=23 (full 0):
 garbage-first heap   total 137216K, used 103211K [0x0000000082c00000, 0x0000000100000000)
  region size 1024K, 77 young (78848K), 5 survivors (5120K)
 Metaspace       used 73840K, committed 74368K, reserved 1114112K
  class space    used 10113K, committed 10368K, reserved 1048576K
}
Event: 1094.184 GC heap after
{Heap after GC invocations=24 (full 0):
 garbage-first heap   total 137216K, used 32701K [0x0000000082c00000, 0x0000000100000000)
  region size 1024K, 7 young (7168K), 7 survivors (7168K)
 Metaspace       used 73840K, committed 74368K, reserved 1114112K
  class space    used 10113K, committed 10368K, reserved 1048576K
}
Event: 2291.046 GC heap before
{Heap before GC invocations=24 (full 0):
 garbage-first heap   total 137216K, used 107453K [0x0000000082c00000, 0x0000000100000000)
  region size 1024K, 80 young (81920K), 7 survivors (7168K)
 Metaspace       used 74089K, committed 74688K, reserved 1114112K
  class space    used 10116K, committed 10368K, reserved 1048576K
}
Event: 2291.061 GC heap after
{Heap after GC invocations=25 (full 0):
 garbage-first heap   total 137216K, used 33011K [0x0000000082c00000, 0x0000000100000000)
  region size 1024K, 3 young (3072K), 3 survivors (3072K)
 Metaspace       used 74089K, committed 74688K, reserved 1114112K
  class space    used 10116K, committed 10368K, reserved 1048576K
}

